FILESELECT "\*.*","",n$
IF n$<>""
  OPEN "i",#1,n$
  taille%=LOF(#1)
  a$=SPACE$(taille%)
  BGET #1,VARPTR(a$),taille%
  CLOSE #1
  n2$=n$+".dw"
  n2$=LEFT$(n2$,RINSTR(n2$,"."))+"dw"
  PRINT n2$
  OPEN "o",#1,n2$
  l$="dw "
  FOR i%=0 TO taille%-1 STEP 2
    l$=l$+"0"+HEX$(DPEEK(i%+VARPTR(a$)))+"h,"
    IF LEN(l$)>60
      l$=LEFT$(l$,LEN(l$)-1)
      PRINT #1,l$
      PRINT l$
      l$="dw "
    ENDIF
  NEXT i%
  IF l$<>"dw "
    l$=LEFT$(l$,LEN(l$)-1)
    PRINT #1,l$
    PRINT l$
  ENDIF
  CLOSE #1
ENDIF
